Opción no válida.
Opción no válida.
Opción no válida.
Opción no válida.
Opción no válida.
[Errno 2] No such file or directory: 'dd'
[2024-05-21 12:34:34] Opción no válida.
[2024-05-21 12:35:11] [Errno 2] No such file or directory: 'ccc'
[2024-05-22 09:51:59] Opción no válida.
[2024-05-22 09:52:24] [Errno 2] No such file or directory: 'dff'
[2024-05-22 09:56:21] [Errno 2] No such file or directory: 'sdhdsj'
[2024-05-22 10:44:42] module 'sys' has no attribute 'args'
[2024-05-22 10:48:16] [Errno 2] No such file or directory: 's'
[2024-05-22 10:50:24] Opción no válida.
[2024-05-22 10:50:43] Opción no válida.
[2024-05-22 10:52:02] Opción no válida.
[2024-05-22 10:53:54] [Errno 2] No such file or directory: ''
[2024-05-22 10:54:03] Opción no válida.
[2024-05-22 10:55:08] name 'PATH' is not defined
[2024-05-22 10:56:26] Opción no válida.
[2024-05-22 11:01:32] {'aa'}: {'xx'}
[2024-05-22 11:01:32] {'bb'}: {'yy'}
[2024-05-22 11:01:32] {'cc'}: {'zz'}
[2024-05-22 11:01:32] {'123'}: {'456'}
[2024-05-22 11:01:32] 
[2024-05-22 11:01:32] {'aa'}: {'zz'}
[2024-05-22 11:01:32] {'bb'}: {'tt'}
[2024-05-22 11:01:32] {'cc'}: {'oo'}
[2024-05-22 11:01:32] {'123'}: {'678'}
[2024-05-22 11:01:32] 
[2024-05-22 11:03:21] {'aa'}: {'xx'}
[2024-05-22 11:03:21] {'bb'}: {'yy'}
[2024-05-22 11:03:21] {'cc'}: {'zz'}
[2024-05-22 11:03:21] {'123'}: {'456'}
[2024-05-22 11:03:21] 
[2024-05-22 11:03:21] {'aa'}: {'zz'}
[2024-05-22 11:03:21] {'bb'}: {'tt'}
[2024-05-22 11:03:21] {'cc'}: {'oo'}
[2024-05-22 11:03:21] {'123'}: {'678'}
[2024-05-22 11:03:21] 
[2024-05-22 11:03:21] Opción no válida.
[2024-05-22 12:31:06] {'aa'}: {'xx'}
[2024-05-22 12:31:06] {'bb'}: {'yy'}
[2024-05-22 12:31:06] {'cc'}: {'zz'}
[2024-05-22 12:31:06] {'123'}: {'456'}
[2024-05-22 12:31:06] 
[2024-05-22 12:31:06] {'aa'}: {'zz'}
[2024-05-22 12:31:06] {'bb'}: {'tt'}
[2024-05-22 12:31:06] {'cc'}: {'oo'}
[2024-05-22 12:31:06] {'123'}: {'678'}
[2024-05-22 12:31:06] 
